<?xml version="1.0" encoding="UTF-8"?>
<!-- Generated by org.testng.reporters.JUnitReportReporter -->
<testsuite skipped="0" hostname="DESKTOP-RDFSK1D" name="qaclickacademy.Mavenjava.RESTAPITest" tests="2" failures="0" timestamp="2022-04-25T00:03:35 IST" time="0.005" errors="0">
  <testcase name="deleteTwitter" time="0.005" classname="qaclickacademy.Mavenjava.RESTAPITest"/>
  <system-out/>
  <testcase name="postJira" time="0.000" classname="qaclickacademy.Mavenjava.RESTAPITest"/>
  <system-out/>
</testsuite> <!-- qaclickacademy.Mavenjava.RESTAPITest -->
