<?xml version="1.0" encoding="UTF-8"?>
<!-- Generated by org.testng.reporters.JUnitReportReporter -->
<testsuite skipped="0" hostname="DESKTOP-RDFSK1D" name="qaclickacademy.Mavenjava.AppiumTest" tests="2" failures="0" timestamp="2022-04-25T00:03:35 IST" time="0.002" errors="0">
  <testcase name="Nativeapp" time="0.001" classname="qaclickacademy.Mavenjava.AppiumTest"/>
  <system-out/>
  <testcase name="Iosapps" time="0.001" classname="qaclickacademy.Mavenjava.AppiumTest"/>
  <system-out/>
</testsuite> <!-- qaclickacademy.Mavenjava.AppiumTest -->
