<?xml version="1.0" encoding="UTF-8"?>
<!-- Generated by org.testng.reporters.JUnitReportReporter -->
<testsuite skipped="0" hostname="DESKTOP-RDFSK1D" name="qaclickacademy.Mavenjava.SeleniumTest" tests="2" failures="0" timestamp="2022-04-25T00:02:58 IST" time="0.004" errors="0">
  <testcase name="browserAutomation" time="0.003" classname="qaclickacademy.Mavenjava.SeleniumTest"/>
  <system-out/>
  <testcase name="webauto" time="0.001" classname="qaclickacademy.Mavenjava.SeleniumTest"/>
  <system-out/>
</testsuite> <!-- qaclickacademy.Mavenjava.SeleniumTest -->
